F:\home\Gr1\Debug\cl.command.1.tlog
F:\home\Gr1\Debug\CL.read.1.tlog
F:\home\Gr1\Debug\CL.write.1.tlog
F:\home\Gr1\Debug\custombuild.command.1.tlog
F:\home\Gr1\Debug\custombuild.read.1.tlog
F:\home\Gr1\Debug\custombuild.write.1.tlog
F:\HOME\GR1\DEBUG\GR1.EXE.INTERMEDIATE.MANIFEST
F:\HOME\GR1\DEBUG\GR1.OBJ
F:\HOME\GR1\DEBUG\GRAFIC.OBJ
F:\home\Gr1\Debug\link.command.1.tlog
F:\home\Gr1\Debug\link.read.1.tlog
F:\home\Gr1\Debug\link.read.2.tlog
F:\home\Gr1\Debug\link.write.1.tlog
F:\HOME\GR1\DEBUG\MAIN.OBJ
F:\HOME\GR1\DEBUG\MOC_GR1.OBJ
F:\HOME\GR1\DEBUG\MOC_GRAFIC.OBJ
F:\home\Gr1\Debug\mt.command.1.tlog
F:\home\Gr1\Debug\mt.read.1.tlog
F:\home\Gr1\Debug\mt.write.1.tlog
F:\HOME\GR1\DEBUG\QRC_GR1.OBJ
F:\HOME\GR1\DEBUG\VC100.PDB
F:\HOME\GR1\GENERATEDFILES\DEBUG\MOC_GR1.CPP
F:\HOME\GR1\GENERATEDFILES\DEBUG\MOC_GRAFIC.CPP
F:\HOME\GR1\GENERATEDFILES\QRC_GR1.CPP
F:\HOME\GR1\GENERATEDFILES\UI_GR1.H
F:\HOME\GR1\GR1.EXE
F:\HOME\GR1\GR1.ILK
F:\HOME\GR1\GR1.PDB
